<?xml version="1.0" encoding="UTF-8"?>
<!-- Generated by org.testng.reporters.JUnitReportReporter -->
<testsuite hostname="e9dcef2be37859a" failures="0" tests="1" name="ustbatchno3.TestNG.EmployeeTest" time="0.019" errors="0" timestamp="2023-03-13T14:58:49 IST" skipped="0">
  <testcase classname="ustbatchno3.TestNG.EmployeeTest" name="testemployee" time="0.019"/>
  <system-out/>
</testsuite> <!-- ustbatchno3.TestNG.EmployeeTest -->
