<?xml version="1.0" encoding="UTF-8"?>
<!-- Generated by org.testng.reporters.JUnitReportReporter -->
<testsuite hostname="e9dcef2be37859a" failures="0" tests="1" name="ustbatchno3.TestNG.CompanyTest" time="0.041" errors="0" timestamp="2023-03-13T15:55:36 IST" skipped="0">
  <testcase classname="ustbatchno3.TestNG.CompanyTest" name="Construction" time="0.041"/>
  <system-out/>
</testsuite> <!-- ustbatchno3.TestNG.CompanyTest -->
